 
 ==================================
 Starting VRISTART Model...
 ==================================
 
 VRISTART has read        72 Polygons (not counting any with MODE = -1)
             written     72 Polygons
 
VRI_SUB - VRIPASS(10) set to: 0
VRI_SUB - iRtrn set to:       0
 
 ==================================
 Finished VRISTART Model...
 ==================================
 
 
 ==================================
 Starting VRIADJST Model...
 ==================================
 
Running in "Pass Through" mode.
 
 
PassThroughData - iRtrn set to: 0
 
 ==================================
 Finished VRIADJST Model...
 ==================================
 
 
 ==================================
 Starting VDYP Model...
 ==================================
 
 VDYP7 has read       71 Polygons
             written    71 Polygons
 
VDYP_SUB - VDYPPASS(10) set to: 0
VDYP_SUB - iRtrn set to:        0
 
 ==================================
 Finished VDYP Model...
 ==================================
 
 
 ==================================
 Starting VRIADJST Model...
 ==================================
 
Running in "Pass Through" mode.
 
 
PassThroughData - iRtrn set to: 0
 
 ==================================
 Finished VRIADJST Model...
 ==================================
 
 
 ==================================
 Starting VDYP Model...
 ==================================
 
 VDYP7 has read       72 Polygons
             written    72 Polygons
 
VDYP_SUB - VDYPPASS(10) set to: 0
VDYP_SUB - iRtrn set to:        0
 
 ==================================
 Finished VDYP Model...
 ==================================
 
